npm verb cli C:\Program Files\nodejs\node.exe C:\Users\mhbia\AppData\Roaming\npm\node_modules\npm\bin\npm-cli.js
npm info using npm@10.5.1
npm info using node@v20.12.1
npm verb title npm install
npm verb argv "install" "--legacy-peer-deps" "--loglevel" "verbose"
npm verb logfile logs-max:10 dir:C:\Users\mhbia\AppData\Local\npm-cache\_logs\2024-08-12T03_26_42_795Z-
npm verb logfile C:\Users\mhbia\AppData\Local\npm-cache\_logs\2024-08-12T03_26_42_795Z-debug-0.log
npm http fetch GET 200 https://registry.npmjs.org/@faker-js%2ffaker 1919ms (cache revalidated)
npm http fetch GET 200 https://registry.npmjs.org/cypress-mochawesome-reporter 195ms (cache revalidated)
npm http fetch GET 200 https://registry.npmjs.org/browserstack-cypress-cli 885ms (cache revalidated)
npm http fetch GET 200 https://registry.npmjs.org/cypress 213ms (cache revalidated)
npm http fetch GET 200 https://registry.npmjs.org/fs-extra 188ms (cache revalidated)
npm http fetch GET 200 https://registry.npmjs.org/async 250ms (cache revalidated)
npm http fetch GET 200 https://registry.npmjs.org/git-last-commit 262ms (cache revalidated)
npm http fetch GET 200 https://registry.npmjs.org/glob 274ms (cache revalidated)
npm http fetch GET 200 https://registry.npmjs.org/archiver 286ms (cache revalidated)
npm http fetch GET 200 https://registry.npmjs.org/cli-progress 288ms (cache revalidated)
npm http fetch GET 200 https://registry.npmjs.org/gitconfiglocal 299ms (cache revalidated)
npm http fetch GET 200 https://registry.npmjs.org/chalk 332ms (cache revalidated)
npm http fetch GET 200 https://registry.npmjs.org/mocha 192ms (cache revalidated)
npm http fetch GET 200 https://registry.npmjs.org/mkdirp 177ms (cache revalidated)
npm http fetch GET 200 https://registry.npmjs.org/table 168ms (cache revalidated)
npm http fetch GET 200 https://registry.npmjs.org/requestretry 193ms (cache revalidated)
npm http fetch GET 200 https://registry.npmjs.org/uuid 179ms (cache revalidated)
npm http fetch GET 200 https://registry.npmjs.org/windows-release 177ms (cache revalidated)
npm http fetch GET 200 https://registry.npmjs.org/winston 198ms (cache revalidated)
npm http fetch GET 200 https://registry.npmjs.org/yargs 177ms (cache revalidated)
npm http fetch GET 200 https://registry.npmjs.org/tmp 170ms (cache revalidated)
npm http fetch GET 200 https://registry.npmjs.org/arch 182ms (cache revalidated)
npm http fetch GET 200 https://registry.npmjs.org/browserstack-local 793ms (cache revalidated)
npm http fetch GET 200 https://registry.npmjs.org/getmac 829ms (cache revalidated)
npm http fetch GET 200 https://registry.npmjs.org/dayjs 206ms (cache revalidated)
npm http fetch GET 200 https://registry.npmjs.org/debug 201ms (cache revalidated)
npm http fetch GET 200 https://registry.npmjs.org/git-repo-info 852ms (cache revalidated)
npm http fetch GET 200 https://registry.npmjs.org/execa 178ms (cache revalidated)
npm http fetch GET 200 https://registry.npmjs.org/is-ci 174ms (cache revalidated)
npm http fetch GET 200 https://registry.npmjs.org/yauzl 181ms (cache revalidated)
npm http fetch GET 200 https://registry.npmjs.org/request 742ms (cache revalidated)
npm http fetch GET 200 https://registry.npmjs.org/buffer 188ms (cache revalidated)
npm http fetch GET 200 https://registry.npmjs.org/listr2 193ms (cache revalidated)
npm http fetch GET 200 https://registry.npmjs.org/node-ipc 797ms (cache revalidated)
npm http fetch GET 200 https://registry.npmjs.org/ospath 194ms (cache revalidated)
npm http fetch GET 200 https://registry.npmjs.org/lodash 211ms (cache revalidated)
npm http fetch GET 200 https://registry.npmjs.org/update-notifier 773ms (cache revalidated)
npm http fetch GET 200 https://registry.npmjs.org/semver 171ms (cache revalidated)
npm http fetch GET 200 https://registry.npmjs.org/figures 206ms (cache revalidated)
npm http fetch GET 200 https://registry.npmjs.org/process 211ms (cache revalidated)
npm http fetch GET 200 https://registry.npmjs.org/decompress 757ms (cache revalidated)
npm http fetch GET 200 https://registry.npmjs.org/bluebird 205ms (cache revalidated)
npm http fetch GET 200 https://registry.npmjs.org/lazy-ass 192ms (cache revalidated)
npm http fetch GET 200 https://registry.npmjs.org/blob-util 184ms (cache revalidated)
npm http fetch GET 200 https://registry.npmjs.org/minimist 192ms (cache revalidated)
npm http fetch GET 200 https://registry.npmjs.org/cachedir 211ms (cache revalidated)
npm http fetch GET 200 https://registry.npmjs.org/enquirer 213ms (cache revalidated)
npm http fetch GET 200 https://registry.npmjs.org/commander 166ms (cache revalidated)
npm http fetch GET 200 https://registry.npmjs.org/cli-cursor 183ms (cache revalidated)
npm http fetch GET 200 https://registry.npmjs.org/cli-table3 186ms (cache revalidated)
npm http fetch GET 200 https://registry.npmjs.org/executable 180ms (cache revalidated)
npm http fetch GET 200 https://registry.npmjs.org/untildify 207ms (cache revalidated)
npm http fetch GET 200 https://registry.npmjs.org/extract-zip 179ms (cache revalidated)
npm http fetch GET 200 https://registry.npmjs.org/log-symbols 183ms (cache revalidated)
npm http fetch GET 200 https://registry.npmjs.org/pretty-bytes 206ms (cache revalidated)
npm http fetch GET 200 https://registry.npmjs.org/getos 773ms (cache revalidated)
npm http fetch GET 200 https://registry.npmjs.org/supports-color 176ms (cache revalidated)
npm http fetch GET 200 https://registry.npmjs.org/check-more-types 177ms (cache revalidated)
npm http fetch GET 200 https://registry.npmjs.org/@types%2fsizzle 301ms (cache revalidated)
npm http fetch GET 200 https://registry.npmjs.org/request-progress 180ms (cache revalidated)
npm http fetch GET 200 https://registry.npmjs.org/is-installed-globally 169ms (cache revalidated)
npm http fetch GET 200 https://registry.npmjs.org/@cypress%2fxvfb 514ms (cache revalidated)
npm http fetch GET 200 https://registry.npmjs.org/mochawesome-merge 191ms (cache revalidated)
npm http fetch GET 200 https://registry.npmjs.org/@types%2fsinonjs__fake-timers 360ms (cache revalidated)
npm http fetch GET 200 https://registry.npmjs.org/@cypress%2frequest 500ms (cache revalidated)
npm http fetch GET 200 https://registry.npmjs.org/common-tags 775ms (cache revalidated)
npm http fetch GET 200 https://registry.npmjs.org/proxy-from-env 658ms (cache revalidated)
npm http fetch GET 200 https://registry.npmjs.org/eventemitter2 783ms (cache revalidated)
npm http fetch GET 200 https://registry.npmjs.org/mochawesome 734ms (cache revalidated)
npm http fetch GET 200 https://registry.npmjs.org/mochawesome-report-generator 771ms (cache revalidated)
npm http fetch GET 200 https://registry.npmjs.org/buffer-crc32 192ms (cache revalidated)
npm http fetch GET 200 https://registry.npmjs.org/https-proxy-agent 193ms (cache revalidated)
npm http fetch GET 200 https://registry.npmjs.org/agent-base 197ms (cache revalidated)
npm http fetch GET 200 https://registry.npmjs.org/tar-stream 206ms (cache revalidated)
npm http fetch GET 200 https://registry.npmjs.org/archiver-utils 215ms (cache revalidated)
npm http fetch GET 200 https://registry.npmjs.org/readable-stream 216ms (cache revalidated)
npm http fetch GET 200 https://registry.npmjs.org/readdir-glob 225ms (cache revalidated)
npm http fetch GET 200 https://registry.npmjs.org/ansi-styles 176ms (cache revalidated)
npm http fetch GET 200 https://registry.npmjs.org/string-width 178ms (cache revalidated)
npm http fetch GET 200 https://registry.npmjs.org/decompress-tar 181ms (cache revalidated)
npm http fetch GET 200 https://registry.npmjs.org/graceful-fs 202ms (cache revalidated)
npm http fetch GET 200 https://registry.npmjs.org/make-dir 193ms (cache revalidated)
npm http fetch GET 200 https://registry.npmjs.org/strip-dirs 181ms (cache revalidated)
npm http fetch GET 200 https://registry.npmjs.org/pify 192ms (cache revalidated)
npm http fetch GET 200 https://registry.npmjs.org/jsonfile 166ms (cache revalidated)
npm http fetch GET 200 https://registry.npmjs.org/ps-tree 757ms (cache revalidated)
npm http fetch GET 200 https://registry.npmjs.org/universalify 195ms (cache revalidated)
npm http fetch GET 200 https://registry.npmjs.org/is-running 760ms (cache revalidated)
npm http fetch GET 200 https://registry.npmjs.org/temp-fs 761ms (cache revalidated)
npm http fetch GET 200 https://registry.npmjs.org/zip-stream 766ms (cache revalidated)
npm http fetch GET 200 https://registry.npmjs.org/once 173ms (cache revalidated)
npm http fetch GET 200 https://registry.npmjs.org/fs.realpath 185ms (cache revalidated)
npm http fetch GET 200 https://registry.npmjs.org/inherits 191ms (cache revalidated)
npm http fetch GET 200 https://registry.npmjs.org/minimatch 192ms (cache revalidated)
npm http fetch GET 200 https://registry.npmjs.org/inflight 199ms (cache revalidated)
npm http fetch GET 200 https://registry.npmjs.org/decompress-unzip 741ms (cache revalidated)
npm http fetch GET 200 https://registry.npmjs.org/ansi-colors 190ms (cache revalidated)
npm http fetch GET 200 https://registry.npmjs.org/decompress-tarbz2 756ms (cache revalidated)
npm http fetch GET 200 https://registry.npmjs.org/path-is-absolute 199ms (cache revalidated)
npm http fetch GET 200 https://registry.npmjs.org/decompress-targz 771ms (cache revalidated)
npm http fetch GET 200 https://registry.npmjs.org/diff 177ms (cache revalidated)
npm http fetch GET 200 https://registry.npmjs.org/find-up 182ms (cache revalidated)
npm http fetch GET 200 https://registry.npmjs.org/js-yaml 183ms (cache revalidated)
npm http fetch GET 200 https://registry.npmjs.org/serialize-javascript 166ms (cache revalidated)
npm http fetch GET 200 https://registry.npmjs.org/ms 189ms (cache revalidated)
npm http fetch GET 200 https://registry.npmjs.org/he 209ms (cache revalidated)
npm http fetch GET 200 https://registry.npmjs.org/@types%2fnode 693ms (cache revalidated)
npm http fetch GET 200 https://registry.npmjs.org/strip-json-comments 184ms (cache revalidated)
npm http fetch GET 200 https://registry.npmjs.org/ini 755ms (cache revalidated)
npm http fetch GET 200 https://registry.npmjs.org/yargs-parser 175ms (cache revalidated)
npm http fetch GET 200 https://registry.npmjs.org/js-message 169ms (cache revalidated)
npm http fetch GET 200 https://registry.npmjs.org/aws-sign2 182ms (cache revalidated)
npm http fetch GET 200 https://registry.npmjs.org/caseless 180ms (cache revalidated)
npm http fetch GET 200 https://registry.npmjs.org/combined-stream 173ms (cache revalidated)
npm http fetch GET 200 https://registry.npmjs.org/aws4 193ms (cache revalidated)
npm http fetch GET 200 https://registry.npmjs.org/extend 182ms (cache revalidated)
npm http fetch GET 200 https://registry.npmjs.org/forever-agent 182ms (cache revalidated)
npm http fetch GET 200 https://registry.npmjs.org/form-data 175ms (cache revalidated)
npm http fetch GET 200 https://registry.npmjs.org/chokidar 749ms (cache revalidated)
npm http fetch GET 200 https://registry.npmjs.org/browser-stdout 786ms (cache revalidated)
npm http fetch GET 200 https://registry.npmjs.org/escape-string-regexp 777ms (cache revalidated)
npm http fetch GET 200 https://registry.npmjs.org/isstream 171ms (cache revalidated)
npm http fetch GET 200 https://registry.npmjs.org/http-signature 178ms (cache revalidated)
npm http fetch GET 200 https://registry.npmjs.org/json-stringify-safe 179ms (cache revalidated)
npm http fetch GET 200 https://registry.npmjs.org/event-pubsub 741ms (cache revalidated)
npm http fetch GET 200 https://registry.npmjs.org/workerpool 764ms (cache revalidated)
npm http fetch GET 200 https://registry.npmjs.org/yargs-unparser 757ms (cache revalidated)
npm http fetch GET 200 https://registry.npmjs.org/oauth-sign 190ms (cache revalidated)
npm http fetch GET 200 https://registry.npmjs.org/mime-types 192ms (cache revalidated)
npm http fetch GET 200 https://registry.npmjs.org/performance-now 184ms (cache revalidated)
npm http fetch GET 200 https://registry.npmjs.org/safe-buffer 167ms (cache revalidated)
npm http fetch GET 200 https://registry.npmjs.org/qs 185ms (cache revalidated)
npm http fetch GET 200 https://registry.npmjs.org/tough-cookie 174ms (cache revalidated)
npm http fetch GET 200 https://registry.npmjs.org/tunnel-agent 179ms (cache revalidated)
npm http fetch GET 200 https://registry.npmjs.org/ajv 179ms (cache revalidated)
npm http fetch GET 200 https://registry.npmjs.org/slice-ansi 178ms (cache revalidated)
npm http fetch GET 200 https://registry.npmjs.org/js-queue 793ms (cache revalidated)
npm http fetch GET 200 https://registry.npmjs.org/boxen 175ms (cache revalidated)
npm http fetch GET 200 https://registry.npmjs.org/is-npm 179ms (cache revalidated)
npm http fetch GET 200 https://registry.npmjs.org/har-validator 760ms (cache revalidated)
npm http fetch GET 200 https://registry.npmjs.org/xdg-basedir 182ms (cache revalidated)
npm http fetch GET 200 https://registry.npmjs.org/semver-diff 188ms (cache revalidated)
npm http fetch GET 200 https://registry.npmjs.org/latest-version 184ms (cache revalidated)
npm http fetch GET 200 https://registry.npmjs.org/import-lazy 227ms (cache revalidated)
npm http fetch GET 200 https://registry.npmjs.org/is-typedarray 757ms (cache revalidated)
npm http fetch GET 200 https://registry.npmjs.org/y18n 168ms (cache revalidated)
npm http fetch GET 200 https://registry.npmjs.org/cliui 184ms (cache revalidated)
npm http fetch GET 200 https://registry.npmjs.org/decamelize 184ms (cache revalidated)
npm http fetch GET 200 https://registry.npmjs.org/set-blocking 172ms (cache revalidated)
npm http fetch GET 200 https://registry.npmjs.org/which-module 168ms (cache revalidated)
npm http fetch GET 200 https://registry.npmjs.org/pupa 728ms (cache revalidated)
npm http fetch GET 200 https://registry.npmjs.org/get-caller-file 207ms (cache revalidated)
npm http fetch GET 200 https://registry.npmjs.org/require-directory 206ms (cache revalidated)
npm http fetch GET 200 https://registry.npmjs.org/require-main-filename 175ms (cache revalidated)
npm http fetch GET 200 https://registry.npmjs.org/is-in-ci 744ms (cache revalidated)
npm http fetch GET 200 https://registry.npmjs.org/configstore 740ms (cache revalidated)
npm http fetch GET 200 https://registry.npmjs.org/eyes 735ms (cache revalidated)
npm http fetch GET 200 https://registry.npmjs.org/cycle 740ms (cache revalidated)
npm http fetch GET 200 https://registry.npmjs.org/stack-trace 739ms (cache revalidated)
npm http fetch GET 200 https://registry.npmjs.org/colors 781ms (cache revalidated)
npm http fetch GET 200 https://registry.npmjs.org/lodash.isplainobject 185ms (cache revalidated)
npm http fetch GET 200 https://registry.npmjs.org/lodash.difference 188ms (cache revalidated)
npm http fetch GET 200 https://registry.npmjs.org/bl 185ms (cache revalidated)
npm http fetch GET 200 https://registry.npmjs.org/normalize-path 193ms (cache revalidated)
npm http fetch GET 200 https://registry.npmjs.org/lazystream 198ms (cache revalidated)
npm http fetch GET 200 https://registry.npmjs.org/end-of-stream 191ms (cache revalidated)
npm http fetch GET 200 https://registry.npmjs.org/string_decoder 199ms (cache revalidated)
npm http fetch GET 200 https://registry.npmjs.org/lodash.flatten 211ms (cache revalidated)
npm http fetch GET 200 https://registry.npmjs.org/lodash.union 215ms (cache revalidated)
npm http fetch GET 200 https://registry.npmjs.org/fs-constants 198ms (cache revalidated)
npm http fetch GET 200 https://registry.npmjs.org/util-deprecate 449ms (cache revalidated)
npm http fetch GET 200 https://registry.npmjs.org/lodash.defaults 758ms (cache revalidated)
npm http fetch GET 200 https://registry.npmjs.org/compress-commons 784ms (cache revalidated)
npm http fetch GET 200 https://registry.npmjs.org/isarray 178ms (cache revalidated)
npm http fetch GET 200 https://registry.npmjs.org/process-nextick-args 180ms (cache revalidated)
npm http fetch GET 200 https://registry.npmjs.org/core-util-is 742ms (cache revalidated)
npm http fetch GET 200 https://registry.npmjs.org/rimraf 189ms (cache revalidated)
npm http fetch GET 200 https://registry.npmjs.org/event-stream 192ms (cache revalidated)
npm http fetch GET 200 https://registry.npmjs.org/color-convert 175ms (cache revalidated)
npm http fetch GET 200 https://registry.npmjs.org/has-flag 184ms (cache revalidated)
npm http fetch GET 200 https://registry.npmjs.org/color-name 179ms (cache revalidated)
npm http fetch GET 200 https://registry.npmjs.org/emoji-regex 174ms (cache revalidated)
npm http fetch GET 200 https://registry.npmjs.org/strip-ansi 185ms (cache revalidated)
npm http fetch GET 200 https://registry.npmjs.org/is-fullwidth-code-point 863ms (cache revalidated)
npm http fetch GET 200 https://registry.npmjs.org/lodash.once 195ms (cache revalidated)
npm http fetch GET 200 https://registry.npmjs.org/merge-stream 188ms (cache revalidated)
npm http fetch GET 200 https://registry.npmjs.org/signal-exit 189ms (cache revalidated)
npm http fetch GET 200 https://registry.npmjs.org/cross-spawn 192ms (cache revalidated)
npm http fetch GET 200 https://registry.npmjs.org/onetime 199ms (cache revalidated)
npm http fetch GET 200 https://registry.npmjs.org/base64-js 204ms (cache revalidated)
npm http fetch GET 200 https://registry.npmjs.org/is-stream 201ms (cache revalidated)
npm http fetch GET 200 https://registry.npmjs.org/get-stream 202ms (cache revalidated)
npm http fetch GET 200 https://registry.npmjs.org/ieee754 212ms (cache revalidated)
npm http fetch GET 200 https://registry.npmjs.org/restore-cursor 213ms (cache revalidated)
npm http fetch GET 200 https://registry.npmjs.org/get-stream 23ms (cache hit)
npm http fetch GET 200 https://registry.npmjs.org/npm-run-path 189ms (cache revalidated)
npm http fetch GET 200 https://registry.npmjs.org/strip-final-newline 201ms (cache revalidated)
npm http fetch GET 200 https://registry.npmjs.org/global-dirs 193ms (cache revalidated)
npm http fetch GET 200 https://registry.npmjs.org/is-path-inside 193ms (cache revalidated)
npm http fetch GET 200 https://registry.npmjs.org/human-signals 214ms (cache revalidated)
npm http fetch GET 200 https://registry.npmjs.org/rxjs 191ms (cache revalidated)
npm http fetch GET 200 https://registry.npmjs.org/at-least-node 234ms (cache revalidated)
npm http fetch GET 200 https://registry.npmjs.org/@types%2fyauzl 314ms (cache revalidated)
npm http fetch GET 200 https://registry.npmjs.org/p-map 211ms (cache revalidated)
npm http fetch GET 200 https://registry.npmjs.org/through 203ms (cache revalidated)
npm http fetch GET 200 https://registry.npmjs.org/wrap-ansi 199ms (cache revalidated)
npm http fetch GET 200 https://registry.npmjs.org/colorette 201ms (cache revalidated)
npm http fetch GET 200 https://registry.npmjs.org/log-update 197ms (cache revalidated)
npm http fetch GET 200 https://registry.npmjs.org/is-unicode-supported 181ms (cache revalidated)
npm http fetch GET 200 https://registry.npmjs.org/ci-info 532ms (cache revalidated)
npm http fetch GET 200 https://registry.npmjs.org/fd-slicer 187ms (cache revalidated)
npm http fetch GET 200 https://registry.npmjs.org/rfdc 764ms (cache revalidated)
npm http fetch GET 200 https://registry.npmjs.org/cli-truncate 786ms (cache revalidated)
npm http fetch GET 200 https://registry.npmjs.org/throttleit 759ms (cache revalidated)
npm http fetch GET 200 https://registry.npmjs.org/@colors%2fcolors 1641ms (cache revalidated)
npm http fetch GET 200 https://registry.npmjs.org/delayed-stream 185ms (cache revalidated)
npm http fetch GET 200 https://registry.npmjs.org/asynckit 185ms (cache revalidated)
npm http fetch GET 200 https://registry.npmjs.org/jsprim 184ms (cache revalidated)
npm http fetch GET 200 https://registry.npmjs.org/punycode 182ms (cache revalidated)
npm http fetch GET 200 https://registry.npmjs.org/sshpk 190ms (cache revalidated)
npm http fetch GET 200 https://registry.npmjs.org/assert-plus 195ms (cache revalidated)
npm http fetch GET 200 https://registry.npmjs.org/mime-db 195ms (cache revalidated)
npm http fetch GET 200 https://registry.npmjs.org/url-parse 193ms (cache revalidated)
npm http fetch GET 200 https://registry.npmjs.org/side-channel 198ms (cache revalidated)
npm http fetch GET 200 https://registry.npmjs.org/psl 212ms (cache revalidated)
npm http fetch GET 200 https://registry.npmjs.org/escape-html 175ms (cache revalidated)
npm http fetch GET 200 https://registry.npmjs.org/fsu 183ms (cache revalidated)
npm http fetch GET 200 https://registry.npmjs.org/lodash.isobject 188ms (cache revalidated)
npm http fetch GET 200 https://registry.npmjs.org/prop-types 184ms (cache revalidated)
npm http fetch GET 200 https://registry.npmjs.org/lodash.isstring 190ms (cache revalidated)
npm http fetch GET 200 https://registry.npmjs.org/tcomb 185ms (cache revalidated)
npm http fetch GET 200 https://registry.npmjs.org/lodash.isfunction 192ms (cache revalidated)
npm http fetch GET 200 https://registry.npmjs.org/tcomb-validation 182ms (cache revalidated)
npm http fetch GET 200 https://registry.npmjs.org/validator 183ms (cache revalidated)
npm http fetch GET 200 https://registry.npmjs.org/dateformat 745ms (cache revalidated)
npm http fetch GET 200 https://registry.npmjs.org/opener 770ms (cache revalidated)
npm http fetch GET 200 https://registry.npmjs.org/lodash.isempty 793ms (cache revalidated)
npm http fetch GET 200 https://registry.npmjs.org/file-type 191ms (cache revalidated)
npm http fetch GET 200 https://registry.npmjs.org/file-type 193ms (cache revalidated)
npm http fetch GET 200 https://registry.npmjs.org/file-type 204ms (cache revalidated)
npm http fetch GET 200 https://registry.npmjs.org/is-natural-number 205ms (cache revalidated)
npm http fetch GET 200 https://registry.npmjs.org/seek-bzip 787ms (cache revalidated)
npm http fetch GET 200 https://registry.npmjs.org/unbzip2-stream 787ms (cache revalidated)
npm http fetch GET 200 https://registry.npmjs.org/xtend 172ms (cache revalidated)
npm http fetch GET 200 https://registry.npmjs.org/buffer-alloc 218ms (cache revalidated)
npm http fetch GET 200 https://registry.npmjs.org/to-buffer 887ms (cache revalidated)
npm http fetch GET 200 https://registry.npmjs.org/pinkie-promise 187ms (cache revalidated)
npm http fetch GET 200 https://registry.npmjs.org/object-assign 737ms (cache revalidated)
npm http fetch GET 200 https://registry.npmjs.org/ansi-regex 177ms (cache revalidated)
npm http fetch GET 200 https://registry.npmjs.org/path-key 169ms (cache revalidated)
npm http fetch GET 200 https://registry.npmjs.org/path-key 173ms (cache revalidated)
npm http fetch GET 200 https://registry.npmjs.org/shebang-command 176ms (cache revalidated)
npm http fetch GET 200 https://registry.npmjs.org/which 182ms (cache revalidated)
npm http fetch GET 200 https://registry.npmjs.org/pump 183ms (cache revalidated)
npm http fetch GET 200 https://registry.npmjs.org/mimic-fn 185ms (cache revalidated)
npm http fetch GET 200 https://registry.npmjs.org/isexe 163ms (cache revalidated)
npm http fetch GET 200 https://registry.npmjs.org/shebang-regex 174ms (cache revalidated)
npm http fetch GET 200 https://registry.npmjs.org/undici-types 172ms (cache revalidated)
npm http fetch GET 200 https://registry.npmjs.org/pinkie 164ms (cache revalidated)
npm http fetch GET 200 https://registry.npmjs.org/wrappy 184ms (cache revalidated)
npm http fetch GET 200 https://registry.npmjs.org/brace-expansion 184ms (cache revalidated)
npm http fetch GET 200 https://registry.npmjs.org/extsprintf 187ms (cache revalidated)
npm http fetch GET 200 https://registry.npmjs.org/asn1 191ms (cache revalidated)
npm http fetch GET 200 https://registry.npmjs.org/getpass 194ms (cache revalidated)
npm http fetch GET 200 https://registry.npmjs.org/bcrypt-pbkdf 192ms (cache revalidated)
npm http fetch GET 200 https://registry.npmjs.org/jsbn 194ms (cache revalidated)
npm http fetch GET 200 https://registry.npmjs.org/tweetnacl 195ms (cache revalidated)
npm http fetch GET 200 https://registry.npmjs.org/dashdash 198ms (cache revalidated)
npm http fetch GET 200 https://registry.npmjs.org/verror 201ms (cache revalidated)
npm http fetch GET 200 https://registry.npmjs.org/json-schema 225ms (cache revalidated)
npm http fetch GET 200 https://registry.npmjs.org/safer-buffer 233ms (cache revalidated)
npm http fetch GET 200 https://registry.npmjs.org/ecc-jsbn 238ms (cache revalidated)
npm http fetch GET 200 https://registry.npmjs.org/tslib 168ms (cache revalidated)
npm http fetch GET 200 https://registry.npmjs.org/ansi-escapes 180ms (cache revalidated)
npm http fetch GET 200 https://registry.npmjs.org/aggregate-error 184ms (cache revalidated)
npm http fetch GET 200 https://registry.npmjs.org/astral-regex 193ms (cache revalidated)
npm http fetch GET 200 https://registry.npmjs.org/type-fest 169ms (cache revalidated)
npm http fetch GET 200 https://registry.npmjs.org/balanced-match 176ms (cache revalidated)
npm http fetch GET 200 https://registry.npmjs.org/concat-map 185ms (cache revalidated)
npm http fetch GET 200 https://registry.npmjs.org/anymatch 187ms (cache revalidated)
npm http fetch GET 200 https://registry.npmjs.org/is-glob 192ms (cache revalidated)
npm http fetch GET 200 https://registry.npmjs.org/locate-path 194ms (cache revalidated)
npm http fetch GET 200 https://registry.npmjs.org/glob-parent 200ms (cache revalidated)
npm http fetch GET 200 https://registry.npmjs.org/argparse 201ms (cache revalidated)
npm http fetch GET 200 https://registry.npmjs.org/braces 205ms (cache revalidated)
npm http fetch GET 200 https://registry.npmjs.org/randombytes 206ms (cache revalidated)
npm http fetch GET 200 https://registry.npmjs.org/readdirp 210ms (cache revalidated)
npm http fetch GET 200 https://registry.npmjs.org/fsevents 211ms (cache revalidated)
npm http fetch GET 200 https://registry.npmjs.org/is-binary-path 217ms (cache revalidated)
npm http fetch GET 200 https://registry.npmjs.org/path-exists 216ms (cache revalidated)
npm http fetch GET 200 https://registry.npmjs.org/camelcase 182ms (cache revalidated)
npm http fetch GET 200 https://registry.npmjs.org/flat 182ms (cache revalidated)
npm http fetch GET 200 https://registry.npmjs.org/escalade 196ms (cache revalidated)
npm http fetch GET 200 https://registry.npmjs.org/is-plain-obj 186ms (cache revalidated)
npm http fetch GET 200 https://registry.npmjs.org/picomatch 189ms (cache revalidated)
npm http fetch GET 200 https://registry.npmjs.org/is-extglob 190ms (cache revalidated)
npm http fetch GET 200 https://registry.npmjs.org/picomatch 204ms (cache revalidated)
npm http fetch GET 200 https://registry.npmjs.org/binary-extensions 208ms (cache revalidated)
npm http fetch GET 200 https://registry.npmjs.org/fill-range 213ms (cache revalidated)
npm http fetch GET 200 https://registry.npmjs.org/to-regex-range 187ms (cache revalidated)
npm http fetch GET 200 https://registry.npmjs.org/is-number 184ms (cache revalidated)
npm http fetch GET 200 https://registry.npmjs.org/p-locate 196ms (cache revalidated)
npm http fetch GET 200 https://registry.npmjs.org/p-limit 172ms (cache revalidated)
npm http fetch GET 200 https://registry.npmjs.org/loose-envify 170ms (cache revalidated)
npm http fetch GET 200 https://registry.npmjs.org/react-is 180ms (cache revalidated)
npm http fetch GET 200 https://registry.npmjs.org/easy-stack 182ms (cache revalidated)
npm http fetch GET 200 https://registry.npmjs.org/yocto-queue 173ms (cache revalidated)
npm http fetch GET 200 https://registry.npmjs.org/clean-stack 172ms (cache revalidated)
npm http fetch GET 200 https://registry.npmjs.org/indent-string 844ms (cache revalidated)
npm http fetch GET 200 https://registry.npmjs.org/js-tokens 178ms (cache revalidated)
npm http fetch GET 200 https://registry.npmjs.org/from 176ms (cache revalidated)
npm http fetch GET 200 https://registry.npmjs.org/pause-stream 178ms (cache revalidated)
npm http fetch GET 200 https://registry.npmjs.org/split 185ms (cache revalidated)
npm http fetch GET 200 https://registry.npmjs.org/stream-combiner 190ms (cache revalidated)
npm http fetch GET 200 https://registry.npmjs.org/map-stream 207ms (cache revalidated)
npm http fetch GET 200 https://registry.npmjs.org/duplexer 296ms (cache revalidated)
npm http fetch GET 200 https://registry.npmjs.org/es-errors 178ms (cache revalidated)
npm http fetch GET 200 https://registry.npmjs.org/get-intrinsic 182ms (cache revalidated)
npm http fetch GET 200 https://registry.npmjs.org/object-inspect 185ms (cache revalidated)
npm http fetch GET 200 https://registry.npmjs.org/call-bind 190ms (cache revalidated)
npm http fetch GET 200 https://registry.npmjs.org/har-schema 172ms (cache revalidated)
npm http fetch GET 200 https://registry.npmjs.org/fast-json-stable-stringify 182ms (cache revalidated)
npm http fetch GET 200 https://registry.npmjs.org/fast-deep-equal 185ms (cache revalidated)
npm http fetch GET 200 https://registry.npmjs.org/json-schema-traverse 185ms (cache revalidated)
npm http fetch GET 200 https://registry.npmjs.org/uri-js 190ms (cache revalidated)
npm http fetch GET 200 https://registry.npmjs.org/function-bind 179ms (cache revalidated)
npm http fetch GET 200 https://registry.npmjs.org/set-function-length 180ms (cache revalidated)
npm http fetch GET 200 https://registry.npmjs.org/has-proto 184ms (cache revalidated)
npm http fetch GET 200 https://registry.npmjs.org/hasown 184ms (cache revalidated)
npm http fetch GET 200 https://registry.npmjs.org/es-define-property 188ms (cache revalidated)
npm http fetch GET 200 https://registry.npmjs.org/has-symbols 194ms (cache revalidated)
npm http fetch GET 200 https://registry.npmjs.org/gopd 173ms (cache revalidated)
npm http fetch GET 200 https://registry.npmjs.org/define-data-property 174ms (cache revalidated)
npm http fetch GET 200 https://registry.npmjs.org/has-property-descriptors 175ms (cache revalidated)
npm http fetch GET 200 https://registry.npmjs.org/querystringify 168ms (cache revalidated)
npm http fetch GET 200 https://registry.npmjs.org/requires-port 172ms (cache revalidated)
npm http fetch GET 200 https://registry.npmjs.org/escape-goat 186ms (cache revalidated)
npm http fetch GET 200 https://registry.npmjs.org/write-file-atomic 188ms (cache revalidated)
npm http fetch GET 200 https://registry.npmjs.org/unique-string 191ms (cache revalidated)
npm http fetch GET 200 https://registry.npmjs.org/widest-line 737ms (cache revalidated)
npm http fetch GET 200 https://registry.npmjs.org/dot-prop 742ms (cache revalidated)
npm http fetch GET 200 https://registry.npmjs.org/ansi-align 745ms (cache revalidated)
npm http fetch GET 200 https://registry.npmjs.org/package-json 745ms (cache revalidated)
npm http fetch GET 200 https://registry.npmjs.org/cli-boxes 749ms (cache revalidated)
npm http fetch GET 200 https://registry.npmjs.org/eastasianwidth 196ms (cache revalidated)
npm http fetch GET 200 https://registry.npmjs.org/imurmurhash 178ms (cache revalidated)
npm http fetch GET 200 https://registry.npmjs.org/is-obj 539ms (cache revalidated)
npm http fetch GET 200 https://registry.npmjs.org/typedarray-to-buffer 726ms (cache revalidated)
npm http fetch GET 200 https://registry.npmjs.org/crypto-random-string 740ms (cache revalidated)
npm http fetch GET 200 https://registry.npmjs.org/registry-url 167ms (cache revalidated)
npm http fetch GET 200 https://registry.npmjs.org/got 176ms (cache revalidated)
npm http fetch GET 200 https://registry.npmjs.org/registry-auth-token 760ms (cache revalidated)
npm http fetch GET 200 https://registry.npmjs.org/cacheable-lookup 178ms (cache revalidated)
npm http fetch GET 200 https://registry.npmjs.org/responselike 187ms (cache revalidated)
npm http fetch GET 200 https://registry.npmjs.org/decompress-response 187ms (cache revalidated)
npm http fetch GET 200 https://registry.npmjs.org/p-cancelable 204ms (cache revalidated)
npm http fetch GET 200 https://registry.npmjs.org/http2-wrapper 209ms (cache revalidated)
npm http fetch GET 200 https://registry.npmjs.org/lowercase-keys 210ms (cache revalidated)
npm http fetch GET 200 https://registry.npmjs.org/cacheable-request 209ms (cache revalidated)
npm http fetch GET 200 https://registry.npmjs.org/rc 177ms (cache revalidated)
npm http fetch GET 200 https://registry.npmjs.org/@sindresorhus%2fis 510ms (cache revalidated)
npm http fetch GET 200 https://registry.npmjs.org/@szmarczak%2fhttp-timer 512ms (cache revalidated)
npm http fetch GET 200 https://registry.npmjs.org/form-data-encoder 765ms (cache revalidated)
npm http fetch GET 200 https://registry.npmjs.org/@pnpm%2fnpm-conf 1805ms (cache revalidated)
npm http fetch GET 200 https://registry.npmjs.org/defer-to-connect 180ms (cache revalidated)
npm http fetch GET 200 https://registry.npmjs.org/resolve-alpn 177ms (cache revalidated)
npm http fetch GET 200 https://registry.npmjs.org/quick-lru 184ms (cache revalidated)
npm http fetch GET 200 https://registry.npmjs.org/mimic-response 187ms (cache revalidated)
npm http fetch GET 200 https://registry.npmjs.org/mimic-response 187ms (cache revalidated)
npm http fetch GET 200 https://registry.npmjs.org/http-cache-semantics 191ms (cache revalidated)
npm http fetch GET 200 https://registry.npmjs.org/normalize-url 190ms (cache revalidated)
npm http fetch GET 200 https://registry.npmjs.org/keyv 193ms (cache revalidated)
npm http fetch GET 200 https://registry.npmjs.org/@types%2fhttp-cache-semantics 317ms (cache revalidated)
npm http fetch GET 200 https://registry.npmjs.org/json-buffer 168ms (cache revalidated)
npm http fetch GET 200 https://registry.npmjs.org/config-chain 731ms (cache revalidated)
npm http fetch GET 200 https://registry.npmjs.org/@pnpm%2fconfig.env-replace 1647ms (cache revalidated)
npm http fetch GET 200 https://registry.npmjs.org/@pnpm%2fnetwork.ca-file 1729ms (cache revalidated)
npm http fetch GET 200 https://registry.npmjs.org/proto-list 171ms (cache revalidated)
npm http fetch GET 200 https://registry.npmjs.org/deep-extend 178ms (cache revalidated)
npm http fetch GET 200 https://registry.npmjs.org/pend 236ms (cache revalidated)
npm http fetch GET 200 https://registry.npmjs.org/crc32-stream 745ms (cache revalidated)
npm http fetch GET 200 https://registry.npmjs.org/crc-32 738ms (cache revalidated)
npm http fetch GET 200 https://registry.npmjs.org/buffer-alloc-unsafe 175ms (cache revalidated)
npm http fetch GET 200 https://registry.npmjs.org/buffer-fill 223ms (cache revalidated)
npm http fetch GET 200 https://registry.npmjs.org/p-try 170ms (cache revalidated)
npm verb reify failed optional dependency C:\automacaoWeb\tmpBstackPackages\node_modules\fsevents
npm WARN deprecated inflight@1.0.6: This module is not supported, and leaks memory. Do not use it. Check out lru-cache if you want a good and tested way to coalesce async requests by a key value, which is much more comprehensive and powerful.
npm WARN deprecated rimraf@2.5.4: Rimraf versions prior to v4 are no longer supported
npm WARN deprecated har-validator@5.1.5: this library is no longer supported
npm WARN deprecated glob@7.2.3: Glob versions prior to v9 are no longer supported
npm WARN deprecated glob@8.1.0: Glob versions prior to v9 are no longer supported
npm http fetch POST 200 https://registry.npmjs.org/-/npm/v1/security/advisories/bulk 1350ms
npm WARN deprecated uuid@3.4.0: Please upgrade  to version 7 or higher.  Older versions may use Math.random() in certain circumstances, which is known to be problematic.  See https://v8.dev/blog/math-random for details.
npm WARN deprecated request@2.88.2: request has been deprecated, see https://github.com/request/request/issues/3142
npm info run cypress@13.13.2 postinstall node_modules/cypress node index.js --exec install
npm info run cypress@13.13.2 postinstall { code: 0, signal: null }

added 501 packages, and audited 502 packages in 42s

96 packages are looking for funding
  run `npm fund` for details

3 moderate severity vulnerabilities

To address all issues (including breaking changes), run:
  npm audit fix --force

Run `npm audit` for details.
npm verb exit 0
npm info ok 
